<?xml version="1.0" encoding="UTF-8"?>
<!-- Generated by org.testng.reporters.JUnitReportReporter -->
<testsuite hostname="Priyankas-MacBook-Pro.local" failures="0" tests="1" name="Day6.FakerDataGenerator" time="0.055" errors="0" timestamp="2024-09-16T11:51:09 IST" skipped="0">
  <testcase classname="Day6.FakerDataGenerator" name="test_geerateDummyData" time="0.055"/>
</testsuite> <!-- Day6.FakerDataGenerator -->
