<?xml version="1.0" encoding="UTF-8"?>
<!-- Generated by org.testng.reporters.JUnitReportReporter -->
<testsuite hostname="Priyankas-MacBook-Pro.local" failures="0" tests="2" name="Day2.DifferentWaysToCreatePost" time="3.215" errors="0" timestamp="2024-09-09T13:20:16 IST" skipped="0">
  <testcase classname="Day2.DifferentWaysToCreatePost" name="test_PostWithExternalJsonFile" time="2.738"/>
  <testcase classname="Day2.DifferentWaysToCreatePost" name="test_delete" time="0.477"/>
</testsuite> <!-- Day2.DifferentWaysToCreatePost -->
