<?xml version="1.0" encoding="UTF-8"?>
<!-- Generated by org.testng.reporters.JUnitReportReporter -->
<testsuite hostname="Priyankas-MacBook-Pro.local" failures="0" tests="1" name="Day7.UpdateUser" time="0.500" errors="0" timestamp="2024-09-16T11:51:09 IST" skipped="0">
  <testcase classname="Day7.UpdateUser" name="test_UpdateUser" time="0.500"/>
</testsuite> <!-- Day7.UpdateUser -->
