<?xml version="1.0" encoding="UTF-8"?>
<!-- Generated by org.testng.reporters.JUnitReportReporter -->
<testsuite hostname="Priyankas-MacBook-Pro.local" failures="0" tests="1" name="Day3.LoggingDemo" time="3.594" errors="0" timestamp="2024-09-09T16:20:33 IST" skipped="0">
  <testcase classname="Day3.LoggingDemo" name="test_logs" time="3.594"/>
</testsuite> <!-- Day3.LoggingDemo -->
