<?xml version="1.0" encoding="UTF-8"?>
<!-- Generated by org.testng.reporters.JUnitReportReporter -->
<testsuite hostname="Priyankas-MacBook-Pro.local" failures="0" tests="2" name="Day3.HeadersDemo" time="8.980" errors="0" timestamp="2024-09-09T16:16:47 IST" skipped="0">
  <testcase classname="Day3.HeadersDemo" name="test_getHeaders" time="0.630"/>
  <testcase classname="Day3.HeadersDemo" name="test_Header" time="8.350"/>
</testsuite> <!-- Day3.HeadersDemo -->
