<?xml version="1.0" encoding="UTF-8"?>
<!-- Generated by org.testng.reporters.JUnitReportReporter -->
<testsuite hostname="Priyankas-MacBook-Pro.local" failures="0" tests="1" name="Day3.LoggingDemo" time="0.796" errors="0" timestamp="2024-09-16T11:51:09 IST" skipped="0">
  <testcase classname="Day3.LoggingDemo" name="test_logs" time="0.796"/>
</testsuite> <!-- Day3.LoggingDemo -->
