<?xml version="1.0" encoding="UTF-8"?>
<!-- Generated by org.testng.reporters.JUnitReportReporter -->
<testsuite hostname="Priyankas-MacBook-Pro.local" failures="0" tests="1" name="Day5.ParsingXMLResponses" time="0.002" errors="0" timestamp="2024-09-16T11:51:09 IST" skipped="0">
  <testcase classname="Day5.ParsingXMLResponses" name="testXMLResponse" time="0.002"/>
</testsuite> <!-- Day5.ParsingXMLResponses -->
