<?xml version="1.0" encoding="UTF-8"?>
<!-- Generated by org.testng.reporters.JUnitReportReporter -->
<testsuite hostname="Priyankas-MacBook-Pro.local" failures="0" tests="2" name="Day3.CockiesDemo" time="3.043" errors="0" timestamp="2024-09-09T15:49:53 IST" skipped="0">
  <testcase classname="Day3.CockiesDemo" name="test_Cookies" time="2.416"/>
  <testcase classname="Day3.CockiesDemo" name="test_getCookiesInfo" time="0.627"/>
</testsuite> <!-- Day3.CockiesDemo -->
