<?xml version="1.0" encoding="UTF-8"?>
<!-- Generated by org.testng.reporters.JUnitReportReporter -->
<testsuite hostname="Priyankas-MacBook-Pro.local" failures="0" tests="1" name="Day3.PathAndQueryParameters" time="0.474" errors="0" timestamp="2024-09-16T11:51:09 IST" skipped="0">
  <testcase classname="Day3.PathAndQueryParameters" name="test_PathAndQueryParameters" time="0.474"/>
</testsuite> <!-- Day3.PathAndQueryParameters -->
