<?xml version="1.0" encoding="UTF-8"?>
<!-- Generated by org.testng.reporters.JUnitReportReporter -->
<testsuite hostname="Priyankas-MacBook-Pro.local" failures="0" tests="1" name="Day4.ParsingJsonResponse" time="4.080" errors="0" timestamp="2024-09-09T21:06:34 IST" skipped="0">
  <testcase classname="Day4.ParsingJsonResponse" name="test_parsingResponse" time="4.080"/>
</testsuite> <!-- Day4.ParsingJsonResponse -->
