<?xml version="1.0" encoding="UTF-8"?>
<!-- Generated by org.testng.reporters.JUnitReportReporter -->
<testsuite hostname="Priyankas-MacBook-Pro.local" failures="0" tests="2" name="Day3.HeadersDemo" time="1.219" errors="0" timestamp="2024-09-16T11:51:09 IST" skipped="0">
  <testcase classname="Day3.HeadersDemo" name="test_Header" time="0.630"/>
  <testcase classname="Day3.HeadersDemo" name="test_getHeaders" time="0.589"/>
</testsuite> <!-- Day3.HeadersDemo -->
