<?xml version="1.0" encoding="UTF-8"?>
<!-- Generated by org.testng.reporters.JUnitReportReporter -->
<testsuite hostname="Priyankas-MacBook-Pro.local" failures="0" tests="1" name="Day3.PathAndQueryParameters" time="2.196" errors="0" timestamp="2024-09-09T13:42:39 IST" skipped="0">
  <testcase classname="Day3.PathAndQueryParameters" name="test_PathAndQueryParameters" time="2.196"/>
</testsuite> <!-- Day3.PathAndQueryParameters -->
