<?xml version="1.0" encoding="UTF-8"?>
<!-- Generated by org.testng.reporters.JUnitReportReporter -->
<testsuite hostname="Priyankas-MacBook-Pro.local" failures="0" tests="1" name="Day7.DeleteUser" time="0.481" errors="0" timestamp="2024-09-16T11:51:09 IST" skipped="0">
  <testcase classname="Day7.DeleteUser" name="test_DeleteUser" time="0.481"/>
</testsuite> <!-- Day7.DeleteUser -->
