<?xml version="1.0" encoding="UTF-8"?>
<!-- Generated by org.testng.reporters.JUnitReportReporter -->
<testsuite hostname="Priyankas-MacBook-Pro.local" failures="0" tests="5" name="Day2.DifferentWaysToCreatePost" time="2.695" errors="0" timestamp="2024-09-16T11:51:09 IST" skipped="0">
  <testcase classname="Day2.DifferentWaysToCreatePost" name="test_PostWithExternalJsonFile" time="0.483"/>
  <testcase classname="Day2.DifferentWaysToCreatePost" name="test_PostHashMap" time="0.815"/>
  <testcase classname="Day2.DifferentWaysToCreatePost" name="test_PostWithPojoClass" time="0.516"/>
  <testcase classname="Day2.DifferentWaysToCreatePost" name="test_PostWithOrgJson" time="0.455"/>
  <testcase classname="Day2.DifferentWaysToCreatePost" name="test_delete" time="0.426"/>
</testsuite> <!-- Day2.DifferentWaysToCreatePost -->
