<?xml version="1.0" encoding="UTF-8"?>
<!-- Generated by org.testng.reporters.JUnitReportReporter -->
<testsuite hostname="Priyankas-MacBook-Pro.local" failures="0" tests="1" name="Day4.JSONSchemaValidations" time="0.336" errors="0" timestamp="2024-09-16T11:51:09 IST" skipped="0">
  <testcase classname="Day4.JSONSchemaValidations" name="test_validateSchema" time="0.336"/>
</testsuite> <!-- Day4.JSONSchemaValidations -->
