<?xml version="1.0" encoding="UTF-8"?>
<!-- Generated by org.testng.reporters.JUnitReportReporter -->
<testsuite hostname="Priyankas-MacBook-Pro.local" failures="0" tests="1" name="Day7.CreateUser" time="2.724" errors="0" timestamp="2024-09-16T11:51:09 IST" skipped="0">
  <testcase classname="Day7.CreateUser" name="test_createUser" time="2.724"/>
</testsuite> <!-- Day7.CreateUser -->
