<?xml version="1.0" encoding="UTF-8"?>
<!-- Generated by org.testng.reporters.JUnitReportReporter -->
<testsuite hostname="Priyankas-MacBook-Pro.local" failures="0" tests="5" name="Day1.HttpRequests" time="4.188" errors="0" timestamp="2024-09-07T16:47:10 IST" skipped="0">
  <testcase classname="Day1.HttpRequests" name="getSingleUser" time="1.778"/>
  <testcase classname="Day1.HttpRequests" name="getMultipleUser" time="0.762"/>
  <testcase classname="Day1.HttpRequests" name="createUser" time="0.772"/>
  <testcase classname="Day1.HttpRequests" name="updateUser" time="0.466"/>
  <testcase classname="Day1.HttpRequests" name="deleteUser" time="0.410"/>
</testsuite> <!-- Day1.HttpRequests -->
