<?xml version="1.0" encoding="UTF-8"?>
<!-- Generated by org.testng.reporters.JUnitReportReporter -->
<testsuite hostname="Priyankas-MacBook-Pro.local" failures="0" tests="5" name="Day1.HttpRequests" time="1.730" errors="0" timestamp="2024-09-16T11:51:09 IST" skipped="0">
  <testcase classname="Day1.HttpRequests" name="getSingleUser" time="0.149"/>
  <testcase classname="Day1.HttpRequests" name="getMultipleUser" time="0.113"/>
  <testcase classname="Day1.HttpRequests" name="createUser" time="0.456"/>
  <testcase classname="Day1.HttpRequests" name="updateUser" time="0.551"/>
  <testcase classname="Day1.HttpRequests" name="deleteUser" time="0.461"/>
</testsuite> <!-- Day1.HttpRequests -->
